{
  "RSpec": {
    "coverage": {
      "/home/brianauton/Dropbox/code/conjure/spec/lib/conjure/application_spec.rb": [
        1,
        1,
        null,
        1,
        1,
        1,
        1,
        1,
        1,
        1,
        null,
        null,
        null,
        1,
        1,
        1,
        null,
        null,
        1,
        1,
        1,
        null,
        null,
        1,
        1,
        1,
        1,
        2,
        1,
        null,
        null,
        null,
        1,
        1,
        1,
        1,
        null,
        null,
        null
      ],
      "/home/brianauton/Dropbox/code/conjure/lib/conjure/application.rb": [
        1,
        1,
        1,
        null,
        1,
        11,
        null,
        null,
        1,
        6,
        null,
        null,
        1,
        1,
        null,
        null,
        1,
        20,
        20,
        null,
        null,
        1,
        null,
        1,
        35,
        null,
        null,
        1,
        3,
        2,
        2,
        2,
        null,
        null,
        null
      ],
      "/home/brianauton/Dropbox/code/conjure/spec/lib/conjure/command_spec.rb": [
        1,
        null,
        1,
        1,
        2,
        1,
        1,
        null,
        null,
        1,
        1,
        1,
        null,
        null,
        null,
        1,
        3,
        null,
        1,
        1,
        1,
        null,
        null,
        1,
        1,
        1,
        null,
        null,
        null,
        1,
        4,
        null,
        1,
        1,
        1,
        1,
        null,
        null,
        1,
        1,
        1,
        1,
        null,
        null,
        1,
        1,
        1,
        1,
        null,
        null,
        null,
        1,
        1,
        2,
        2,
        1,
        null,
        null,
        null,
        1,
        8,
        null,
        null,
        1,
        5,
        5,
        5,
        null,
        null,
        null,
        1,
        2,
        2,
        2,
        null,
        2,
        null,
        null,
        1,
        5,
        5,
        5,
        null,
        null
      ],
      "/home/brianauton/Dropbox/code/conjure/lib/conjure.rb": [
        1,
        1,
        31,
        null,
        1,
        5,
        null,
        null,
        1,
        0,
        null,
        null
      ],
      "/home/brianauton/Dropbox/code/conjure/lib/conjure/provider.rb": [
        1,
        1,
        1,
        1,
        null,
        null,
        1,
        10,
        null,
        null,
        1,
        1,
        null,
        null,
        1,
        6,
        6,
        null,
        null,
        1,
        1,
        1,
        null,
        null,
        null,
        null
      ],
      "/home/brianauton/Dropbox/code/conjure/lib/conjure/instance.rb": [
        1,
        1,
        1,
        10,
        10,
        10,
        10,
        null,
        null,
        1,
        9,
        null,
        null,
        1,
        5,
        null,
        null,
        1,
        22,
        null,
        null,
        1,
        6,
        null,
        null,
        1,
        0,
        null,
        null,
        1,
        5,
        null,
        null,
        1,
        0,
        null,
        null,
        1,
        0,
        0,
        null,
        null,
        1,
        5,
        5,
        5,
        5,
        null,
        null,
        1,
        5,
        null,
        null,
        1,
        5,
        null,
        null,
        1,
        5,
        null,
        null,
        1,
        5,
        null,
        null,
        1,
        10,
        null,
        null,
        1,
        5,
        null,
        null,
        1,
        0,
        null,
        null,
        1,
        0,
        null,
        null,
        1,
        1,
        null,
        1,
        9,
        null,
        null,
        1,
        14,
        null,
        null,
        1,
        9,
        9,
        5,
        5,
        null,
        null,
        null,
        null,
        null
      ],
      "/home/brianauton/Dropbox/code/conjure/lib/conjure/target.rb": [
        1,
        1,
        1,
        5,
        null,
        null,
        1,
        0,
        null,
        null,
        1,
        0,
        null,
        null,
        1,
        0,
        null,
        null,
        null
      ],
      "/home/brianauton/Dropbox/code/conjure/lib/conjure/command_target.rb": [
        1,
        1,
        1,
        11,
        11,
        11,
        null,
        null,
        1,
        11,
        null,
        null,
        1,
        5,
        null,
        null,
        1,
        null,
        null,
        null,
        null,
        5,
        null,
        null,
        null
      ],
      "/home/brianauton/Dropbox/code/conjure/lib/conjure/log.rb": [
        1,
        1,
        1,
        1,
        1,
        1,
        null,
        null,
        1,
        14,
        14,
        14,
        null,
        0,
        null,
        null,
        null,
        1,
        0,
        null,
        null,
        1,
        47,
        null,
        null,
        null
      ],
      "/home/brianauton/Dropbox/code/conjure/lib/conjure/config.rb": [
        1,
        1,
        1,
        2,
        2,
        2,
        0,
        0,
        null,
        2,
        null,
        2,
        null,
        null,
        1,
        3,
        3,
        null,
        null,
        1,
        7,
        null,
        null,
        1,
        0,
        0,
        0,
        null,
        null,
        1,
        null,
        1,
        3,
        3,
        3,
        3,
        3,
        3,
        3,
        null,
        null,
        null,
        null,
        null
      ],
      "/home/brianauton/Dropbox/code/conjure/lib/conjure/identity.rb": [
        1,
        1,
        1,
        null,
        1,
        2,
        null,
        null,
        1,
        1,
        null,
        null,
        1,
        1,
        null,
        null,
        1,
        0,
        null,
        null,
        1,
        0,
        null,
        null,
        null
      ],
      "/home/brianauton/Dropbox/code/conjure/lib/conjure/command.rb": [
        1,
        null,
        1,
        1,
        1,
        1,
        8,
        8,
        null,
        null,
        1,
        1,
        1,
        1,
        1,
        0,
        null,
        null,
        1,
        1,
        1,
        1,
        1,
        5,
        null,
        null,
        1,
        1,
        0,
        null,
        null,
        1,
        1,
        0,
        null,
        null,
        1,
        1,
        1,
        1,
        0,
        0,
        null,
        null,
        null,
        1,
        1,
        0,
        0,
        0,
        null,
        null,
        null,
        1,
        1,
        0,
        0,
        null,
        null,
        null,
        1,
        1,
        1,
        null,
        null,
        1,
        null,
        1,
        null,
        1,
        11,
        null,
        null,
        null
      ],
      "/home/brianauton/Dropbox/code/conjure/lib/conjure/data_set.rb": [
        1,
        1,
        1,
        2,
        null,
        null,
        null
      ],
      "/home/brianauton/Dropbox/code/conjure/lib/conjure/service/digital_ocean_account.rb": [
        1,
        1,
        1,
        1,
        null,
        1,
        5,
        null,
        null,
        1,
        5,
        null,
        null,
        1,
        null,
        null,
        null,
        null,
        0,
        null,
        null,
        1,
        null,
        null,
        0,
        null,
        0,
        null,
        null,
        null,
        null
      ],
      "/home/brianauton/Dropbox/code/conjure/lib/conjure/service/rails_codebase.rb": [
        1,
        1,
        1,
        1,
        0,
        0,
        0,
        0,
        null,
        null,
        1,
        null,
        null,
        null,
        null,
        null,
        null,
        null,
        null,
        null,
        0,
        null,
        null,
        1,
        0,
        null,
        null,
        1,
        0,
        0,
        0,
        null,
        null,
        1,
        null,
        null,
        null,
        null,
        null,
        0,
        null,
        null,
        1,
        0,
        null,
        null,
        1,
        0,
        0,
        null,
        null,
        1,
        0,
        0,
        0,
        null,
        null,
        1,
        0,
        null,
        null,
        1,
        0,
        null,
        null,
        null,
        null
      ],
      "/home/brianauton/Dropbox/code/conjure/lib/conjure/service/database/postgres.rb": [
        1,
        1,
        1,
        1,
        1,
        0,
        0,
        null,
        null,
        1,
        null,
        null,
        null,
        null,
        null,
        null,
        null,
        null,
        0,
        null,
        null,
        1,
        null,
        null,
        null,
        null,
        null,
        null,
        null,
        null,
        null,
        0,
        null,
        null,
        1,
        0,
        null,
        null,
        1,
        0,
        null,
        null,
        1,
        0,
        null,
        null,
        1,
        0,
        null,
        null,
        1,
        0,
        0,
        null,
        0,
        null,
        null,
        1,
        0,
        0,
        null,
        null,
        1,
        0,
        null,
        null,
        1,
        0,
        null,
        null,
        1,
        0,
        null,
        null,
        null,
        null,
        null
      ],
      "/home/brianauton/Dropbox/code/conjure/lib/conjure/service/database/mysql.rb": [
        1,
        1,
        1,
        1,
        1,
        0,
        0,
        0,
        null,
        null,
        1,
        null,
        null,
        null,
        null,
        null,
        0,
        null,
        null,
        1,
        null,
        null,
        null,
        null,
        null,
        null,
        null,
        0,
        null,
        null,
        1,
        0,
        null,
        null,
        1,
        0,
        null,
        null,
        1,
        0,
        null,
        null,
        1,
        0,
        null,
        null,
        1,
        0,
        0,
        null,
        0,
        null,
        null,
        1,
        0,
        0,
        null,
        null,
        1,
        0,
        null,
        null,
        1,
        0,
        null,
        null,
        null,
        null,
        null
      ],
      "/home/brianauton/Dropbox/code/conjure/lib/conjure/service/rails_log_view.rb": [
        1,
        1,
        1,
        1,
        5,
        5,
        5,
        5,
        5,
        null,
        null,
        null,
        null,
        null
      ],
      "/home/brianauton/Dropbox/code/conjure/lib/conjure/service/docker_host.rb": [
        1,
        null,
        1,
        1,
        1,
        1,
        0,
        null,
        null,
        1,
        0,
        null,
        null,
        1,
        0,
        null,
        null,
        1,
        0,
        0,
        0,
        0,
        0,
        0,
        0,
        0,
        null,
        null,
        1,
        0,
        0,
        0,
        0,
        null,
        null,
        1,
        0,
        0,
        null,
        null,
        1,
        0,
        0,
        0,
        0,
        0,
        0,
        0,
        null,
        null,
        1,
        0,
        null,
        null,
        1,
        0,
        null,
        null,
        1,
        0,
        null,
        null,
        1,
        0,
        null,
        null,
        1,
        0,
        null,
        null,
        null,
        1,
        1,
        0,
        null,
        null,
        1,
        0,
        null,
        null,
        null,
        1,
        1,
        null,
        1,
        0,
        0,
        0,
        0,
        0,
        0,
        0,
        0,
        0,
        0,
        null,
        null,
        1,
        0,
        null,
        null,
        1,
        0,
        null,
        null,
        1,
        0,
        0,
        null,
        null,
        1,
        0,
        null,
        null,
        1,
        0,
        0,
        0,
        0,
        0,
        0,
        0,
        0,
        0,
        null,
        null,
        0,
        0,
        null,
        null,
        1,
        0,
        0,
        0,
        0,
        0,
        0,
        0,
        null,
        null,
        null,
        1,
        0,
        0,
        0,
        0,
        0,
        0,
        null,
        null,
        1,
        null,
        0,
        0,
        null,
        null,
        1,
        0,
        null,
        null,
        1,
        0,
        0,
        0,
        0,
        null,
        null,
        1,
        0,
        0,
        0,
        0,
        0,
        null,
        null,
        1,
        0,
        0,
        0,
        null,
        null,
        null,
        1,
        0,
        null,
        null,
        1,
        0,
        0,
        null,
        null,
        null,
        1,
        0,
        null,
        null,
        1,
        0,
        null,
        null,
        1,
        0,
        null,
        null,
        1,
        0,
        null,
        null,
        null,
        1,
        1,
        null,
        1,
        0,
        null,
        null,
        1,
        0,
        0,
        0,
        0,
        0,
        null,
        null,
        1,
        0,
        0,
        0,
        0,
        null,
        null,
        1,
        0,
        0,
        0,
        0,
        null,
        null,
        null,
        null,
        1,
        1,
        null,
        1,
        0,
        0,
        null,
        null,
        1,
        0,
        null,
        null,
        1,
        0,
        0,
        null,
        null,
        null,
        null
      ],
      "/home/brianauton/Dropbox/code/conjure/lib/conjure/service/database.rb": [
        1,
        1,
        1,
        1,
        0,
        0,
        null,
        null,
        null,
        null,
        0,
        null,
        null,
        null,
        null,
        1,
        0,
        null,
        null,
        1,
        0,
        null,
        null,
        null,
        null
      ],
      "/home/brianauton/Dropbox/code/conjure/lib/conjure/service/cloud_server.rb": [
        1,
        1,
        1,
        1,
        1,
        1,
        null,
        1,
        10,
        null,
        null,
        1,
        0,
        0,
        0,
        0,
        0,
        0,
        null,
        null,
        1,
        0,
        0,
        0,
        0,
        null,
        null,
        1,
        0,
        null,
        null,
        1,
        0,
        null,
        null,
        1,
        5,
        null,
        null,
        1,
        5,
        0,
        0,
        null,
        null,
        null,
        1,
        0,
        0,
        0,
        0,
        null,
        null,
        1,
        0,
        0,
        0,
        null,
        null,
        1,
        0,
        0,
        0,
        0,
        null,
        null,
        1,
        5,
        null,
        null,
        1,
        5,
        null,
        null,
        1,
        0,
        0,
        0,
        0,
        null,
        null,
        1,
        0,
        0,
        0,
        0,
        null,
        null,
        1,
        0,
        null,
        null,
        1,
        0,
        0,
        null,
        null,
        1,
        null,
        null,
        null,
        0,
        null,
        null,
        1,
        null,
        null,
        null,
        0,
        null,
        null,
        null,
        null
      ],
      "/home/brianauton/Dropbox/code/conjure/lib/conjure/service/forwarded_shell.rb": [
        1,
        1,
        1,
        1,
        0,
        null,
        null,
        null,
        null,
        null,
        null,
        null,
        null,
        null,
        null,
        1,
        0,
        0,
        0,
        0,
        0,
        null,
        null,
        null,
        null
      ],
      "/home/brianauton/Dropbox/code/conjure/lib/conjure/service/rails_server.rb": [
        1,
        1,
        1,
        1,
        5,
        5,
        null,
        null,
        1,
        null,
        null,
        null,
        null,
        null,
        null,
        null,
        null,
        null,
        null,
        null,
        null,
        null,
        null,
        null,
        null,
        null,
        null,
        null,
        null,
        null,
        null,
        null,
        null,
        0,
        null,
        null,
        1,
        null,
        null,
        null,
        null,
        null,
        null,
        0,
        null,
        null,
        1,
        0,
        0,
        0,
        null,
        null,
        1,
        0,
        0,
        null,
        null,
        1,
        0,
        null,
        null,
        1,
        0,
        0,
        null,
        null,
        1,
        0,
        0,
        null,
        null,
        1,
        0,
        0,
        null,
        null,
        1,
        0,
        0,
        null,
        null,
        1,
        0,
        null,
        null,
        1,
        0,
        null,
        null,
        null,
        null
      ],
      "/home/brianauton/Dropbox/code/conjure/lib/conjure/service/remote_file_set.rb": [
        1,
        1,
        1,
        1,
        null,
        1,
        0,
        0,
        null,
        null,
        1,
        0,
        0,
        0,
        0,
        null,
        null,
        null,
        1,
        0,
        null,
        null,
        null,
        null
      ],
      "/home/brianauton/Dropbox/code/conjure/lib/conjure/service/remote_shell.rb": [
        1,
        1,
        1,
        1,
        null,
        1,
        1,
        null,
        1,
        null,
        1,
        7,
        null,
        null,
        1,
        8,
        8,
        8,
        8,
        8,
        8,
        8,
        null,
        8,
        0,
        0,
        null,
        null,
        null,
        8,
        0,
        null,
        8,
        null,
        8,
        null,
        null,
        1,
        16,
        null,
        null,
        null,
        null,
        16,
        null,
        null,
        1,
        0,
        null,
        null,
        1,
        0,
        0,
        null,
        0,
        null,
        null,
        1,
        1,
        1,
        8,
        8,
        3,
        3,
        null,
        11,
        9,
        null,
        null,
        null,
        null,
        null,
        null
      ],
      "/home/brianauton/Dropbox/code/conjure/lib/conjure/service/rails_console.rb": [
        1,
        1,
        1,
        1,
        1,
        1,
        null,
        null,
        null,
        null
      ],
      "/home/brianauton/Dropbox/code/conjure/lib/conjure/service/rake_task.rb": [
        1,
        1,
        1,
        1,
        1,
        1,
        1,
        null,
        null,
        null,
        null
      ],
      "/home/brianauton/Dropbox/code/conjure/lib/conjure/service/docker_shell.rb": [
        1,
        1,
        1,
        1,
        null,
        1,
        0,
        0,
        null,
        null,
        1,
        0,
        null,
        null,
        null,
        null,
        null,
        1,
        0,
        null,
        null,
        1,
        0,
        null,
        null,
        1,
        0,
        null,
        null,
        1,
        null,
        0,
        0,
        0,
        null,
        null,
        1,
        0,
        null,
        null,
        1,
        0,
        null,
        null,
        null,
        null
      ],
      "/home/brianauton/Dropbox/code/conjure/lib/conjure/service/repository_link.rb": [
        1,
        1,
        1,
        1,
        0,
        0,
        0,
        0,
        null,
        null,
        1,
        0,
        null,
        null,
        1,
        0,
        null,
        null,
        1,
        null,
        1,
        0,
        null,
        null,
        1,
        0,
        0,
        0,
        null,
        null,
        1,
        0,
        0,
        null,
        null,
        1,
        0,
        null,
        null,
        1,
        null,
        null,
        null,
        null,
        null,
        null,
        null,
        0,
        null,
        null,
        null,
        null
      ],
      "/home/brianauton/Dropbox/code/conjure/lib/conjure/service/volume.rb": [
        1,
        1,
        1,
        1,
        null,
        1,
        0,
        0,
        0,
        null,
        null,
        1,
        0,
        null,
        null,
        1,
        0,
        null,
        null,
        1,
        null,
        null,
        null,
        0,
        null,
        null,
        null,
        null
      ],
      "/home/brianauton/Dropbox/code/conjure/lib/conjure/view/table_view.rb": [
        1,
        1,
        1,
        1,
        11,
        11,
        null,
        null,
        1,
        32,
        11,
        60,
        null,
        11,
        null,
        null,
        1,
        null,
        1,
        26,
        null,
        null,
        1,
        66,
        null,
        null,
        1,
        11,
        11,
        15,
        42,
        42,
        null,
        null,
        null,
        null,
        null,
        null
      ],
      "/home/brianauton/Dropbox/code/conjure/lib/conjure/view/application_view.rb": [
        1,
        null,
        1,
        1,
        1,
        1,
        7,
        7,
        null,
        null,
        1,
        10,
        null,
        null,
        1,
        null,
        1,
        10,
        10,
        10,
        null,
        null,
        1,
        10,
        10,
        10,
        10,
        null,
        null,
        1,
        10,
        null,
        null,
        null,
        null,
        12,
        null,
        10,
        null,
        null,
        null,
        null
      ],
      "/home/brianauton/Dropbox/code/conjure/spec/lib/conjure/config_spec.rb": [
        1,
        null,
        1,
        1,
        1,
        1,
        1,
        null,
        null,
        1,
        1,
        null,
        null
      ],
      "/home/brianauton/Dropbox/code/conjure/spec/lib/conjure/data_set_spec.rb": [
        1,
        null,
        1,
        1,
        1,
        1,
        null,
        null,
        null
      ],
      "/home/brianauton/Dropbox/code/conjure/spec/lib/conjure/identity_spec.rb": [
        1,
        null,
        1,
        1,
        1,
        1,
        1,
        null,
        null,
        1,
        1,
        1,
        1,
        null,
        null
      ],
      "/home/brianauton/Dropbox/code/conjure/spec/lib/conjure/instance_spec.rb": [
        1,
        null,
        1,
        1,
        1,
        1,
        1,
        null,
        null,
        1,
        1,
        1,
        1,
        null,
        null,
        1,
        1,
        1,
        1,
        null,
        null,
        1,
        1,
        1,
        1,
        null,
        null,
        1,
        4,
        null,
        null,
        null,
        1,
        5,
        5,
        null,
        null
      ],
      "/home/brianauton/Dropbox/code/conjure/spec/lib/conjure/log_spec.rb": [
        1,
        null,
        1,
        1,
        1,
        1,
        1,
        1,
        null,
        null,
        null,
        1,
        1,
        1,
        1,
        1,
        1,
        null,
        null,
        null
      ],
      "/home/brianauton/Dropbox/code/conjure/spec/lib/conjure/service/rails_console_spec.rb": [
        1,
        null,
        1,
        1,
        1,
        1,
        1,
        2,
        null,
        null
      ],
      "/home/brianauton/Dropbox/code/conjure/spec/lib/conjure/service/rails_log_view_spec.rb": [
        1,
        null,
        1,
        1,
        1,
        1,
        1,
        1,
        2,
        null,
        null,
        1,
        1,
        1,
        1,
        1,
        null,
        null,
        1,
        1,
        1,
        1,
        1,
        null,
        null,
        1,
        1,
        1,
        2,
        null,
        null,
        1,
        1,
        1,
        1,
        1,
        null,
        null,
        1,
        5,
        5,
        null,
        null
      ],
      "/home/brianauton/Dropbox/code/conjure/spec/lib/conjure/service/rake_task_spec.rb": [
        1,
        null,
        1,
        1,
        1,
        1,
        1,
        1,
        2,
        null,
        null
      ],
      "/home/brianauton/Dropbox/code/conjure/spec/lib/conjure/service/remote_shell_spec.rb": [
        1,
        1,
        1,
        null,
        1,
        1,
        1,
        null,
        1,
        7,
        7,
        7,
        null,
        null,
        1,
        1,
        1,
        1,
        null,
        null,
        1,
        1,
        1,
        null,
        null,
        1,
        1,
        1,
        null,
        null,
        1,
        1,
        1,
        1,
        1,
        null,
        null,
        1,
        2,
        1,
        1,
        null,
        null,
        1,
        2,
        1,
        1,
        null,
        null,
        1,
        2,
        1,
        1,
        null,
        null,
        null
      ],
      "/home/brianauton/Dropbox/code/conjure/spec/mock/net_ssh.rb": [
        1,
        1,
        1,
        1,
        null,
        null,
        1,
        0,
        null,
        null,
        1,
        7,
        null,
        null,
        1,
        3,
        null,
        null,
        1,
        7,
        null,
        null,
        1,
        1,
        null,
        1,
        7,
        7,
        7,
        7,
        7,
        null,
        null,
        1,
        8,
        8,
        8,
        null,
        null,
        1,
        11,
        null,
        null,
        null,
        1,
        1,
        8,
        null,
        null,
        1,
        8,
        8,
        null,
        null,
        1,
        8,
        null,
        null,
        1,
        8,
        null,
        null,
        1,
        8,
        null,
        null,
        1,
        3,
        null,
        null,
        1,
        3,
        null,
        null,
        1,
        1,
        null,
        null,
        1,
        null,
        null,
        null,
        1,
        1,
        1,
        null,
        null,
        1,
        1,
        null,
        null,
        null,
        null
      ],
      "/home/brianauton/Dropbox/code/conjure/spec/lib/conjure/view/application_view_spec.rb": [
        1,
        null,
        1,
        1,
        1,
        1,
        1,
        null,
        null,
        1,
        1,
        1,
        1,
        null,
        null,
        1,
        1,
        1,
        null,
        null,
        1,
        1,
        1,
        null,
        null,
        1,
        1,
        null,
        null,
        null,
        1,
        1,
        null,
        null,
        1,
        1,
        null,
        null,
        null,
        1,
        1,
        null,
        null,
        1,
        1,
        null,
        null,
        null,
        1,
        1,
        null,
        null,
        1,
        7,
        7,
        7,
        null,
        null,
        1,
        6,
        6,
        null,
        null,
        null
      ],
      "/home/brianauton/Dropbox/code/conjure/spec/lib/conjure/view/table_view_spec.rb": [
        1,
        null,
        1,
        1,
        1,
        1,
        1,
        null,
        null,
        null,
        null,
        1,
        1,
        null,
        null,
        null,
        null
      ]
    },
    "timestamp": 1392177576
  }
}
